<?xml version="1.0" encoding="UTF-8"?>
<!-- Generated by org.testng.reporters.JUnitReportReporter -->
<testsuite hostname="DESKTOP-B5H13LT" failures="0" tests="1" name="adminmodule.DashBoardPage" time="8.772" errors="0" timestamp="2024-03-27T14:49:35 IST" skipped="0">
  <testcase classname="adminmodule.DashBoardPage" name="TestCase" time="8.772"/>
  <system-out/>
</testsuite> <!-- adminmodule.DashBoardPage -->
